INFO [2020-05-19 13:28:02] [[1]]
INFO [2020-05-19 13:28:02] matrix
INFO [2020-05-19 13:28:02] 
INFO [2020-05-19 13:28:02] $filename
INFO [2020-05-19 13:28:02] NULL
INFO [2020-05-19 13:28:02] 
INFO [2020-05-19 13:28:02] $height
INFO [2020-05-19 13:28:02] [1] 3000
INFO [2020-05-19 13:28:02] 
INFO [2020-05-19 13:28:02] $width
INFO [2020-05-19 13:28:02] [1] 3000
INFO [2020-05-19 13:28:02] 
INFO [2020-05-19 13:28:02] $resolution
INFO [2020-05-19 13:28:02] [1] 500
INFO [2020-05-19 13:28:02] 
INFO [2020-05-19 13:28:02] $imagetype
INFO [2020-05-19 13:28:02] [1] "tiff"
INFO [2020-05-19 13:28:02] 
INFO [2020-05-19 13:28:02] $units
INFO [2020-05-19 13:28:02] [1] "px"
INFO [2020-05-19 13:28:02] 
INFO [2020-05-19 13:28:02] $compression
INFO [2020-05-19 13:28:02] [1] "lzw"
INFO [2020-05-19 13:28:02] 
INFO [2020-05-19 13:28:02] $na
INFO [2020-05-19 13:28:02] [1] "stop"
INFO [2020-05-19 13:28:02] 
INFO [2020-05-19 13:28:02] $main
INFO [2020-05-19 13:28:02] NULL
INFO [2020-05-19 13:28:02] 
INFO [2020-05-19 13:28:02] $sub
INFO [2020-05-19 13:28:02] NULL
INFO [2020-05-19 13:28:02] 
INFO [2020-05-19 13:28:02] $main.pos
INFO [2020-05-19 13:28:02] c(0.5, 1.05)
INFO [2020-05-19 13:28:02] 
INFO [2020-05-19 13:28:02] $main.fontface
INFO [2020-05-19 13:28:02] [1] "plain"
INFO [2020-05-19 13:28:02] 
INFO [2020-05-19 13:28:02] $main.fontfamily
INFO [2020-05-19 13:28:02] [1] "serif"
INFO [2020-05-19 13:28:02] 
INFO [2020-05-19 13:28:02] $main.col
INFO [2020-05-19 13:28:02] [1] "black"
INFO [2020-05-19 13:28:02] 
INFO [2020-05-19 13:28:02] $main.cex
INFO [2020-05-19 13:28:02] [1] 1
INFO [2020-05-19 13:28:02] 
INFO [2020-05-19 13:28:02] $main.just
INFO [2020-05-19 13:28:02] c(0.5, 1)
INFO [2020-05-19 13:28:02] 
INFO [2020-05-19 13:28:02] $sub.pos
INFO [2020-05-19 13:28:02] c(0.5, 1.05)
INFO [2020-05-19 13:28:02] 
INFO [2020-05-19 13:28:02] $sub.fontface
INFO [2020-05-19 13:28:02] [1] "plain"
INFO [2020-05-19 13:28:02] 
INFO [2020-05-19 13:28:02] $sub.fontfamily
INFO [2020-05-19 13:28:02] [1] "serif"
INFO [2020-05-19 13:28:02] 
INFO [2020-05-19 13:28:02] $sub.col
INFO [2020-05-19 13:28:02] [1] "black"
INFO [2020-05-19 13:28:02] 
INFO [2020-05-19 13:28:02] $sub.cex
INFO [2020-05-19 13:28:02] [1] 1
INFO [2020-05-19 13:28:02] 
INFO [2020-05-19 13:28:02] $sub.just
INFO [2020-05-19 13:28:02] c(0.5, 1)
INFO [2020-05-19 13:28:02] 
INFO [2020-05-19 13:28:02] $category.names
INFO [2020-05-19 13:28:02] names(x)
INFO [2020-05-19 13:28:02] 
INFO [2020-05-19 13:28:02] $force.unique
INFO [2020-05-19 13:28:02] [1] TRUE
INFO [2020-05-19 13:28:02] 
INFO [2020-05-19 13:28:02] $print.mode
INFO [2020-05-19 13:28:02] [1] "raw"
INFO [2020-05-19 13:28:02] 
INFO [2020-05-19 13:28:02] $sigdigs
INFO [2020-05-19 13:28:02] [1] 3
INFO [2020-05-19 13:28:02] 
INFO [2020-05-19 13:28:02] $direct.area
INFO [2020-05-19 13:28:02] [1] FALSE
INFO [2020-05-19 13:28:02] 
INFO [2020-05-19 13:28:02] $area.vector
INFO [2020-05-19 13:28:02] [1] 0
INFO [2020-05-19 13:28:02] 
INFO [2020-05-19 13:28:02] $hyper.test
INFO [2020-05-19 13:28:02] [1] FALSE
INFO [2020-05-19 13:28:02] 
INFO [2020-05-19 13:28:02] $total.population
INFO [2020-05-19 13:28:02] NULL
INFO [2020-05-19 13:28:02] 
INFO [2020-05-19 13:28:02] $lower.tail
INFO [2020-05-19 13:28:02] [1] TRUE
INFO [2020-05-19 13:28:02] 
